This file contains any messages produced by compilers while
running configure, to aid debugging if configure makes a mistake.

It was created by ESPRESSO configure 5.0.0, which was
generated by GNU Autoconf 2.65.  Invocation command line was

  $ ./install/configure --enable-openmp --enable-scalapack --disable-cuda

## --------- ##
## Platform. ##
## --------- ##

hostname = tesla
uname -m = x86_64
uname -r = 2.6.32-41-generic
uname -s = Linux
uname -v = #89-Ubuntu SMP Fri Apr 27 22:18:56 UTC 2012

/usr/bin/uname -p = unknown
/bin/uname -X     = unknown

/bin/arch              = unknown
/usr/bin/arch -k       = unknown
/usr/convex/getsysinfo = unknown
/usr/bin/hostinfo      = unknown
/bin/machine           = unknown
/usr/bin/oslevel       = unknown
/bin/universe          = unknown

PATH: /opt/cuda-4.1/cuda/bin
PATH: /opt/cuda-4.1/C/bin/linux/release
PATH: /home/fislab/fspiga/local/scalasca/bin
PATH: /home/fislab/fspiga/local/tau/x86_64/bin
PATH: /opt/pdtoolkit/x86_64/bin
PATH: /home/fislab/fspiga/local/openmpi-intel/bin
PATH: /home/fislab/fspiga/intel/composerxe-2011.2.137/bin/intel64
PATH: /home/fislab/fspiga/intel/composerxe-2011.2.137/mpirt/bin/intel64
PATH: /home/fislab/fspiga/intel/composerxe-2011.2.137/bin/intel64
PATH: /home/fislab/fspiga/intel/composerxe-2011.2.137/mpirt/bin/intel64
PATH: /usr/local/sbin
PATH: /usr/local/bin
PATH: /usr/sbin
PATH: /usr/bin
PATH: /sbin
PATH: /bin
PATH: /usr/games
PATH: /opt/torque/bin


## ----------- ##
## Core tests. ##
## ----------- ##

configure:2814: checking build system type
configure:2828: result: x86_64-unknown-linux-gnu
configure:3035: checking for ifort
configure:3051: found /home/fislab/fspiga/intel/composerxe-2011.2.137/bin/intel64/ifort
configure:3062: result: ifort
configure:3078: WARNING: using cross tools not prefixed with host triplet
configure:3088: checking for Fortran compiler version
configure:3097: ifort --version >&5
ifort (IFORT) 12.0.2 20110112
Copyright (C) 1985-2011 Intel Corporation.  All rights reserved.

configure:3108: $? = 0
configure:3097: ifort -v >&5
Version 12.0.2
configure:3108: $? = 0
configure:3097: ifort -V >&5
Intel(R) Fortran Intel(R) 64 Compiler XE for applications running on Intel(R) 64, Version 12.0.2.137 Build 20110112
Copyright (C) 1985-2011 Intel Corporation.  All rights reserved.
FOR NON-COMMERCIAL USE ONLY

configure:3108: $? = 0
configure:3097: ifort -qversion >&5
ifort: command line warning #10006: ignoring unknown option '-qversion'
ifort: command line error: no files specified; for help type "ifort -help"
configure:3108: $? = 1
configure:3123: checking whether the Fortran compiler works
configure:3145: ifort    conftest.f  >&5
configure:3149: $? = 0
configure:3198: result: yes
configure:3201: checking for Fortran compiler default output file name
configure:3203: result: a.out
configure:3209: checking for suffix of executables
configure:3216: ifort -o conftest    conftest.f  >&5
configure:3220: $? = 0
configure:3242: result: 
configure:3258: checking whether we are cross compiling
configure:3296: result: yes
configure:3301: checking for suffix of object files
configure:3317: ifort -c   conftest.f >&5
configure:3321: $? = 0
configure:3342: result: o
configure:3350: checking whether we are using the GNU Fortran compiler
configure:3363: ifort -c   conftest.F >&5
conftest.F(3): error #5082: Syntax error, found END-OF-STATEMENT when expecting one of: ( % [ : . = =>
       choke me
---------------^
conftest.F(3): error #6218: This statement is positioned incorrectly and/or has syntax errors.
       choke me
---------------^
compilation aborted for conftest.F (code 1)
configure:3363: $? = 1
configure: failed program was:
|       program main
| #ifndef __GNUC__
|        choke me
| #endif
| 
|       end
configure:3372: result: no
configure:3378: checking whether ifort accepts -g
configure:3389: ifort -c -g  conftest.f >&5
configure:3389: $? = 0
configure:3397: result: yes
configure:3427: checking for Fortran flag to compile .f90 files
configure:3443: ifort -c -g  conftest.f90 >&5
configure:3443: $? = 0
configure:3452: result: none
configure:3537: checking for mpif90
configure:3553: found /home/fislab/fspiga/local/openmpi-intel/bin/mpif90
configure:3564: result: mpif90
configure:3590: checking for Fortran compiler version
configure:3599: mpif90 --version >&5
ifort (IFORT) 12.0.2 20110112
Copyright (C) 1985-2011 Intel Corporation.  All rights reserved.

configure:3610: $? = 0
configure:3599: mpif90 -v >&5
Version 12.0.2
configure:3610: $? = 0
configure:3599: mpif90 -V >&5
Intel(R) Fortran Intel(R) 64 Compiler XE for applications running on Intel(R) 64, Version 12.0.2.137 Build 20110112
Copyright (C) 1985-2011 Intel Corporation.  All rights reserved.
FOR NON-COMMERCIAL USE ONLY

configure:3610: $? = 0
configure:3599: mpif90 -qversion >&5
ifort: command line warning #10006: ignoring unknown option '-qversion'
ifort: command line error: no files specified; for help type "ifort -help"
configure:3610: $? = 1
configure:3619: checking whether we are using the GNU Fortran compiler
configure:3632: mpif90 -c -g  conftest.F >&5
conftest.F(3): error #5082: Syntax error, found END-OF-STATEMENT when expecting one of: ( % [ : . = =>
       choke me
---------------^
conftest.F(3): error #6218: This statement is positioned incorrectly and/or has syntax errors.
       choke me
---------------^
compilation aborted for conftest.F (code 1)
configure:3632: $? = 1
configure: failed program was:
|       program main
| #ifndef __GNUC__
|        choke me
| #endif
| 
|       end
configure:3641: result: no
configure:3647: checking whether mpif90 accepts -g
configure:3658: mpif90 -c -g  conftest.f90 >&5
configure:3658: $? = 0
configure:3666: result: yes
configure:4139: checking for icc
configure:4155: found /home/fislab/fspiga/intel/composerxe-2011.2.137/bin/intel64/icc
configure:4166: result: icc
configure:4197: checking for C compiler version
configure:4206: icc --version >&5
icc (ICC) 12.0.2 20110112
Copyright (C) 1985-2011 Intel Corporation.  All rights reserved.

configure:4217: $? = 0
configure:4206: icc -v >&5
Version 12.0.2
configure:4217: $? = 0
configure:4206: icc -V >&5
Intel(R) C Intel(R) 64 Compiler XE for applications running on Intel(R) 64, Version 12.0.2.137 Build 20110112
Copyright (C) 1985-2011 Intel Corporation.  All rights reserved.
FOR NON-COMMERCIAL USE ONLY

configure:4217: $? = 0
configure:4206: icc -qversion >&5
icc: command line warning #10006: ignoring unknown option '-qversion'
icc: command line error: no files specified; for help type "icc -help"
configure:4217: $? = 1
configure:4221: checking whether we are using the GNU C compiler
configure:4240: icc -c   conftest.c >&5
configure:4240: $? = 0
configure:4249: result: yes
configure:4258: checking whether icc accepts -g
configure:4278: icc -c -g  conftest.c >&5
configure:4278: $? = 0
configure:4319: result: yes
configure:4336: checking for icc option to accept ISO C89
configure:4400: icc  -c -g -O2  conftest.c >&5
configure:4400: $? = 0
configure:4413: result: none needed
configure:4446: checking how to run the C preprocessor
configure:4477: icc -E  conftest.c
configure:4477: $? = 0
configure:4491: icc -E  conftest.c
conftest.c(9): error #2379: cannot open source file "ac_nonexistent.h"
  #include <ac_nonexistent.h>
                             ^

configure:4491: $? = 2
configure: failed program was:
| /* confdefs.h */
| #define PACKAGE_NAME "ESPRESSO"
| #define PACKAGE_TARNAME "espresso"
| #define PACKAGE_VERSION "5.0.0"
| #define PACKAGE_STRING "ESPRESSO 5.0.0"
| #define PACKAGE_BUGREPORT ""
| #define PACKAGE_URL ""
| /* end confdefs.h.  */
| #include <ac_nonexistent.h>
configure:4516: result: icc -E
configure:4536: icc -E  conftest.c
configure:4536: $? = 0
configure:4550: icc -E  conftest.c
conftest.c(9): error #2379: cannot open source file "ac_nonexistent.h"
  #include <ac_nonexistent.h>
                             ^

configure:4550: $? = 2
configure: failed program was:
| /* confdefs.h */
| #define PACKAGE_NAME "ESPRESSO"
| #define PACKAGE_TARNAME "espresso"
| #define PACKAGE_VERSION "5.0.0"
| #define PACKAGE_STRING "ESPRESSO 5.0.0"
| #define PACKAGE_BUGREPORT ""
| #define PACKAGE_URL ""
| /* end confdefs.h.  */
| #include <ac_nonexistent.h>
configure:4579: checking for grep that handles long lines and -e
configure:4637: result: /bin/grep
configure:4642: checking for egrep
configure:4704: result: /bin/grep -E
configure:4709: checking for ANSI C header files
configure:4729: icc -c -g -O2  conftest.c >&5
configure:4729: $? = 0
configure:4813: result: yes
configure:4826: checking for sys/types.h
configure:4826: icc -c -g -O2  conftest.c >&5
configure:4826: $? = 0
configure:4826: result: yes
configure:4826: checking for sys/stat.h
configure:4826: icc -c -g -O2  conftest.c >&5
configure:4826: $? = 0
configure:4826: result: yes
configure:4826: checking for stdlib.h
configure:4826: icc -c -g -O2  conftest.c >&5
configure:4826: $? = 0
configure:4826: result: yes
configure:4826: checking for string.h
configure:4826: icc -c -g -O2  conftest.c >&5
configure:4826: $? = 0
configure:4826: result: yes
configure:4826: checking for memory.h
configure:4826: icc -c -g -O2  conftest.c >&5
configure:4826: $? = 0
configure:4826: result: yes
configure:4826: checking for strings.h
configure:4826: icc -c -g -O2  conftest.c >&5
configure:4826: $? = 0
configure:4826: result: yes
configure:4826: checking for inttypes.h
configure:4826: icc -c -g -O2  conftest.c >&5
configure:4826: $? = 0
configure:4826: result: yes
configure:4826: checking for stdint.h
configure:4826: icc -c -g -O2  conftest.c >&5
configure:4826: $? = 0
configure:4826: result: yes
configure:4826: checking for unistd.h
configure:4826: icc -c -g -O2  conftest.c >&5
configure:4826: $? = 0
configure:4826: result: yes
configure:4843: checking size of int *
configure:4848: icc -c -g -O2  conftest.c >&5
configure:4848: $? = 0
configure:4848: icc -c -g -O2  conftest.c >&5
conftest.c(55): error: the size of an array must be greater than zero
  static int test_array [1 - 2 * !(((long int) (sizeof (int *))) <= 0)];
                         ^

compilation aborted for conftest.c (code 2)
configure:4848: $? = 2
configure: failed program was:
| /* confdefs.h */
| #define PACKAGE_NAME "ESPRESSO"
| #define PACKAGE_TARNAME "espresso"
| #define PACKAGE_VERSION "5.0.0"
| #define PACKAGE_STRING "ESPRESSO 5.0.0"
| #define PACKAGE_BUGREPORT ""
| #define PACKAGE_URL ""
| #define STDC_HEADERS 1
| #define HAVE_SYS_TYPES_H 1
| #define HAVE_SYS_STAT_H 1
| #define HAVE_STDLIB_H 1
| #define HAVE_STRING_H 1
| #define HAVE_MEMORY_H 1
| #define HAVE_STRINGS_H 1
| #define HAVE_INTTYPES_H 1
| #define HAVE_STDINT_H 1
| #define HAVE_UNISTD_H 1
| /* end confdefs.h.  */
| #include <stdio.h>
| #ifdef HAVE_SYS_TYPES_H
| # include <sys/types.h>
| #endif
| #ifdef HAVE_SYS_STAT_H
| # include <sys/stat.h>
| #endif
| #ifdef STDC_HEADERS
| # include <stdlib.h>
| # include <stddef.h>
| #else
| # ifdef HAVE_STDLIB_H
| #  include <stdlib.h>
| # endif
| #endif
| #ifdef HAVE_STRING_H
| # if !defined STDC_HEADERS && defined HAVE_MEMORY_H
| #  include <memory.h>
| # endif
| # include <string.h>
| #endif
| #ifdef HAVE_STRINGS_H
| # include <strings.h>
| #endif
| #ifdef HAVE_INTTYPES_H
| # include <inttypes.h>
| #endif
| #ifdef HAVE_STDINT_H
| # include <stdint.h>
| #endif
| #ifdef HAVE_UNISTD_H
| # include <unistd.h>
| #endif
| int
| main ()
| {
| static int test_array [1 - 2 * !(((long int) (sizeof (int *))) <= 0)];
| test_array [0] = 0
| 
|   ;
|   return 0;
| }
configure:4848: icc -c -g -O2  conftest.c >&5
conftest.c(55): error: the size of an array must be greater than zero
  static int test_array [1 - 2 * !(((long int) (sizeof (int *))) <= 1)];
                         ^

compilation aborted for conftest.c (code 2)
configure:4848: $? = 2
configure: failed program was:
| /* confdefs.h */
| #define PACKAGE_NAME "ESPRESSO"
| #define PACKAGE_TARNAME "espresso"
| #define PACKAGE_VERSION "5.0.0"
| #define PACKAGE_STRING "ESPRESSO 5.0.0"
| #define PACKAGE_BUGREPORT ""
| #define PACKAGE_URL ""
| #define STDC_HEADERS 1
| #define HAVE_SYS_TYPES_H 1
| #define HAVE_SYS_STAT_H 1
| #define HAVE_STDLIB_H 1
| #define HAVE_STRING_H 1
| #define HAVE_MEMORY_H 1
| #define HAVE_STRINGS_H 1
| #define HAVE_INTTYPES_H 1
| #define HAVE_STDINT_H 1
| #define HAVE_UNISTD_H 1
| /* end confdefs.h.  */
| #include <stdio.h>
| #ifdef HAVE_SYS_TYPES_H
| # include <sys/types.h>
| #endif
| #ifdef HAVE_SYS_STAT_H
| # include <sys/stat.h>
| #endif
| #ifdef STDC_HEADERS
| # include <stdlib.h>
| # include <stddef.h>
| #else
| # ifdef HAVE_STDLIB_H
| #  include <stdlib.h>
| # endif
| #endif
| #ifdef HAVE_STRING_H
| # if !defined STDC_HEADERS && defined HAVE_MEMORY_H
| #  include <memory.h>
| # endif
| # include <string.h>
| #endif
| #ifdef HAVE_STRINGS_H
| # include <strings.h>
| #endif
| #ifdef HAVE_INTTYPES_H
| # include <inttypes.h>
| #endif
| #ifdef HAVE_STDINT_H
| # include <stdint.h>
| #endif
| #ifdef HAVE_UNISTD_H
| # include <unistd.h>
| #endif
| int
| main ()
| {
| static int test_array [1 - 2 * !(((long int) (sizeof (int *))) <= 1)];
| test_array [0] = 0
| 
|   ;
|   return 0;
| }
configure:4848: icc -c -g -O2  conftest.c >&5
conftest.c(55): error: the size of an array must be greater than zero
  static int test_array [1 - 2 * !(((long int) (sizeof (int *))) <= 3)];
                         ^

compilation aborted for conftest.c (code 2)
configure:4848: $? = 2
configure: failed program was:
| /* confdefs.h */
| #define PACKAGE_NAME "ESPRESSO"
| #define PACKAGE_TARNAME "espresso"
| #define PACKAGE_VERSION "5.0.0"
| #define PACKAGE_STRING "ESPRESSO 5.0.0"
| #define PACKAGE_BUGREPORT ""
| #define PACKAGE_URL ""
| #define STDC_HEADERS 1
| #define HAVE_SYS_TYPES_H 1
| #define HAVE_SYS_STAT_H 1
| #define HAVE_STDLIB_H 1
| #define HAVE_STRING_H 1
| #define HAVE_MEMORY_H 1
| #define HAVE_STRINGS_H 1
| #define HAVE_INTTYPES_H 1
| #define HAVE_STDINT_H 1
| #define HAVE_UNISTD_H 1
| /* end confdefs.h.  */
| #include <stdio.h>
| #ifdef HAVE_SYS_TYPES_H
| # include <sys/types.h>
| #endif
| #ifdef HAVE_SYS_STAT_H
| # include <sys/stat.h>
| #endif
| #ifdef STDC_HEADERS
| # include <stdlib.h>
| # include <stddef.h>
| #else
| # ifdef HAVE_STDLIB_H
| #  include <stdlib.h>
| # endif
| #endif
| #ifdef HAVE_STRING_H
| # if !defined STDC_HEADERS && defined HAVE_MEMORY_H
| #  include <memory.h>
| # endif
| # include <string.h>
| #endif
| #ifdef HAVE_STRINGS_H
| # include <strings.h>
| #endif
| #ifdef HAVE_INTTYPES_H
| # include <inttypes.h>
| #endif
| #ifdef HAVE_STDINT_H
| # include <stdint.h>
| #endif
| #ifdef HAVE_UNISTD_H
| # include <unistd.h>
| #endif
| int
| main ()
| {
| static int test_array [1 - 2 * !(((long int) (sizeof (int *))) <= 3)];
| test_array [0] = 0
| 
|   ;
|   return 0;
| }
configure:4848: icc -c -g -O2  conftest.c >&5
conftest.c(55): error: the size of an array must be greater than zero
  static int test_array [1 - 2 * !(((long int) (sizeof (int *))) <= 7)];
                         ^

compilation aborted for conftest.c (code 2)
configure:4848: $? = 2
configure: failed program was:
| /* confdefs.h */
| #define PACKAGE_NAME "ESPRESSO"
| #define PACKAGE_TARNAME "espresso"
| #define PACKAGE_VERSION "5.0.0"
| #define PACKAGE_STRING "ESPRESSO 5.0.0"
| #define PACKAGE_BUGREPORT ""
| #define PACKAGE_URL ""
| #define STDC_HEADERS 1
| #define HAVE_SYS_TYPES_H 1
| #define HAVE_SYS_STAT_H 1
| #define HAVE_STDLIB_H 1
| #define HAVE_STRING_H 1
| #define HAVE_MEMORY_H 1
| #define HAVE_STRINGS_H 1
| #define HAVE_INTTYPES_H 1
| #define HAVE_STDINT_H 1
| #define HAVE_UNISTD_H 1
| /* end confdefs.h.  */
| #include <stdio.h>
| #ifdef HAVE_SYS_TYPES_H
| # include <sys/types.h>
| #endif
| #ifdef HAVE_SYS_STAT_H
| # include <sys/stat.h>
| #endif
| #ifdef STDC_HEADERS
| # include <stdlib.h>
| # include <stddef.h>
| #else
| # ifdef HAVE_STDLIB_H
| #  include <stdlib.h>
| # endif
| #endif
| #ifdef HAVE_STRING_H
| # if !defined STDC_HEADERS && defined HAVE_MEMORY_H
| #  include <memory.h>
| # endif
| # include <string.h>
| #endif
| #ifdef HAVE_STRINGS_H
| # include <strings.h>
| #endif
| #ifdef HAVE_INTTYPES_H
| # include <inttypes.h>
| #endif
| #ifdef HAVE_STDINT_H
| # include <stdint.h>
| #endif
| #ifdef HAVE_UNISTD_H
| # include <unistd.h>
| #endif
| int
| main ()
| {
| static int test_array [1 - 2 * !(((long int) (sizeof (int *))) <= 7)];
| test_array [0] = 0
| 
|   ;
|   return 0;
| }
configure:4848: icc -c -g -O2  conftest.c >&5
configure:4848: $? = 0
configure:4848: icc -c -g -O2  conftest.c >&5
configure:4848: $? = 0
configure:4848: icc -c -g -O2  conftest.c >&5
configure:4848: $? = 0
configure:4848: icc -c -g -O2  conftest.c >&5
configure:4848: $? = 0
configure:4863: result: 8
configure:4879: checking malloc.h usability
configure:4879: icc -c -g -O2  conftest.c >&5
configure:4879: $? = 0
configure:4879: result: yes
configure:4879: checking malloc.h presence
configure:4879: icc -E  conftest.c
configure:4879: $? = 0
configure:4879: result: yes
configure:4879: checking for malloc.h
configure:4879: result: yes
configure:4889: checking for struct mallinfo.arena
configure:4889: icc -c -g -O2  conftest.c >&5
configure:4889: $? = 0
configure:4889: result: yes
configure:4954: checking for ifort
configure:4970: found /home/fislab/fspiga/intel/composerxe-2011.2.137/bin/intel64/ifort
configure:4981: result: ifort
configure:5007: checking for Fortran 77 compiler version
configure:5016: ifort --version >&5
ifort (IFORT) 12.0.2 20110112
Copyright (C) 1985-2011 Intel Corporation.  All rights reserved.

configure:5027: $? = 0
configure:5016: ifort -v >&5
Version 12.0.2
configure:5027: $? = 0
configure:5016: ifort -V >&5
Intel(R) Fortran Intel(R) 64 Compiler XE for applications running on Intel(R) 64, Version 12.0.2.137 Build 20110112
Copyright (C) 1985-2011 Intel Corporation.  All rights reserved.
FOR NON-COMMERCIAL USE ONLY

configure:5027: $? = 0
configure:5016: ifort -qversion >&5
ifort: command line warning #10006: ignoring unknown option '-qversion'
ifort: command line error: no files specified; for help type "ifort -help"
configure:5027: $? = 1
configure:5036: checking whether we are using the GNU Fortran 77 compiler
configure:5049: ifort -c  conftest.F >&5
conftest.F(3): error #5082: Syntax error, found END-OF-STATEMENT when expecting one of: ( % [ : . = =>
       choke me
---------------^
conftest.F(3): error #6218: This statement is positioned incorrectly and/or has syntax errors.
       choke me
---------------^
compilation aborted for conftest.F (code 1)
configure:5049: $? = 1
configure: failed program was:
|       program main
| #ifndef __GNUC__
|        choke me
| #endif
| 
|       end
configure:5058: result: no
configure:5064: checking whether ifort accepts -g
configure:5075: ifort -c -g conftest.f >&5
configure:5075: $? = 0
configure:5083: result: yes
configure:5419: checking whether make sets $(MAKE)
configure:5441: result: yes
configure:5482: checking how to get verbose linking output from ifort
configure:5492: ifort -c -g conftest.f >&5
configure:5492: $? = 0
configure:5510: ifort -o conftest -g -v conftest.f
Version 12.0.2
/home/fislab/fspiga/intel/composerxe-2011.2.137/bin/intel64/fortcom    -D__INTEL_COMPILER=1200 -D_MT -D__SSE2__ -D__SSE__ -D__ELF__ -D__INTEL_COMPILER_BUILD_DATE=20110112 -D__unix__ -D__unix -D__linux__ -D__linux -D__gnu_linux__ -Dunix -Dlinux -D__x86_64 -D__x86_64__ -mGLOB_pack_sort_init_list -I. -I/home/fislab/fspiga/local/openmpi-intel/include -I/home/fislab/fspiga/intel/composerxe-2011.2.137/mkl/include -I/home/fislab/fspiga/intel/composerxe-2011.2.137/mkl/include -I/home/fislab/fspiga/intel/composerxe-2011.2.137/mkl/include -I/home/fislab/fspiga/intel/composerxe-2011.2.137/compiler/include/intel64 -I/home/fislab/fspiga/intel/composerxe-2011.2.137/compiler/include -I/usr/local/include -I/usr/include -I/usr/lib/gcc/x86_64-linux-gnu/4.4.3/include "-fp_modbits honor_f32_conversion" "-fp_modbits honor_f64_conversion" -O0 -g2 -simd -mP1OPT_version=12.0-intel64 -mGLOB_diag_file=/tmp/ifort3K3IbF.diag -mGLOB_source_language=GLOB_SOURCE_LANGUAGE_F90 -mGLOB_tune_for_fort -mGLOB_use_fort_dope_vector -mP2OPT_static_promotion -mP1OPT_print_version=FALSE -mCG_use_gas_got_workaround=F -mP2OPT_align_option_used=TRUE -mGLOB_gcc_version=443 "-mGLOB_options_string=-o conftest -g -v" -mGLOB_cxx_limited_range=FALSE -mP3OPT_emit_line_numbers -mP2OPT_suppress_unreferenced_locals=FALSE -mGLOB_debug_target=GLOB_DEBUG_TARGET_ALL -mGLOB_debug_format=GLOB_DEBUG_FORMAT_DWARF20 -mGLOB_as_output_backup_file_name=/tmp/ifortnKCSIxas_.s -mIPOPT_activate -mGLOB_machine_model=GLOB_MACHINE_MODEL_EFI2 -mGLOB_product_id_code=0x22001de7 -mGLOB_maintain_errno -mGLOB_noinline_intrinsics -mGLOB_use_base_pointer -mGLOB_extended_instructions=0x8 -mP3OPT_use_mspp_call_convention -mP2OPT_subs_out_of_bound=FALSE -mGLOB_ansi_alias -mIPOPT_ninl_limit=0 -mIPOPT_ninl_user_level=0 -mPGOPTI_value_profile_use=T -mP2OPT_gen_linux_const_pooling=FALSE -mP2OPT_il0_array_sections=TRUE -mGLOB_opt_level=0 -mIPOPT_args_in_regs=0 -mIPOPT_obj_output_file_name=/tmp/ifort3K3IbF.o -mGLOB_linker_version=2.20.1-system.20100303 -mGLOB_long_size_64 -mGLOB_routine_pointer_size_64 -mP3OPT_asm_target=P3OPT_ASM_TARGET_GAS -mGLOB_obj_output_file=/tmp/ifort3K3IbF.o -mGLOB_source_dialect=GLOB_SOURCE_DIALECT_FORTRAN -mP1OPT_source_file_name=conftest.f -mP2OPT_symtab_type_copy=true conftest.f
ld    /usr/lib/gcc/x86_64-linux-gnu/4.4.3/../../../../lib64/crt1.o /usr/lib/gcc/x86_64-linux-gnu/4.4.3/../../../../lib64/crti.o /usr/lib/gcc/x86_64-linux-gnu/4.4.3/crtbegin.o --eh-frame-hdr -dynamic-linker /lib64/ld-linux-x86-64.so.2 -o conftest /home/fislab/fspiga/intel/composerxe-2011.2.137/compiler/lib/intel64/for_main.o -L/home/fislab/fspiga/intel/composerxe-2011.2.137/compiler/lib/intel64 -L/home/fislab/fspiga/intel/composerxe-2011.2.137/mkl/lib/intel64 -L/home/fislab/fspiga/intel/composerxe-2011.2.137/compiler/lib/intel64 -L/home/fislab/fspiga/intel/composerxe-2011.2.137/ipp/../compiler/lib/intel64 -L/home/fislab/fspiga/intel/composerxe-2011.2.137/ipp/lib/intel64 -L/home/fislab/fspiga/intel/composerxe-2011.2.137/compiler/lib/intel64 -L/home/fislab/fspiga/intel/composerxe-2011.2.137/mkl/lib/intel64 -L/home/fislab/fspiga/intel/composerxe-2011.2.137/tbb/lib/intel64//cc4.1.0_libc2.4_kernel2.6.16.21 -L/home/fislab/fspiga/intel/composerxe-2011.2.137/compiler/lib/intel64 -L/home/fislab/fspiga/intel/composerxe-2011.2.137/ipp/../compiler/lib/intel64 -L/home/fislab/fspiga/intel/composerxe-2011.2.137/ipp/lib/intel64 -L/home/fislab/fspiga/intel/composerxe-2011.2.137/compiler/lib/intel64 -L/home/fislab/fspiga/intel/composerxe-2011.2.137/mkl/lib/intel64 -L/home/fislab/fspiga/intel/composerxe-2011.2.137/tbb/lib/intel64//cc4.1.0_libc2.4_kernel2.6.16.21 -L/home/fislab/fspiga/intel/composerxe-2011.2.137/compiler/lib/intel64 -L/usr/lib/gcc/x86_64-linux-gnu/4.4.3 -L/usr/lib/gcc/x86_64-linux-gnu/4.4.3/../../../../lib64 -L/usr/lib/gcc/x86_64-linux-gnu/4.4.3/../../../../lib -L/lib/../lib64 -L/lib/../lib -L/usr/lib/../lib64 -L/usr/lib/../lib -L/home/fislab/fspiga/intel/composerxe-2011.2.137/compiler/lib/intel64 -L/home/fislab/fspiga/intel/composerxe-2011.2.137/mkl/lib/intel64 -L/home/fislab/fspiga/intel/composerxe-2011.2.137/ipp/../compiler/lib/intel64 -L/home/fislab/fspiga/intel/composerxe-2011.2.137/ipp/lib/intel64 -L/home/fislab/fspiga/intel/composerxe-2011.2.137/tbb/lib/intel64//cc4.1.0_libc2.4_kernel2.6.16.21 -L/usr/lib/gcc/x86_64-linux-gnu/4.4.3/../../.. -L/lib64 -L/lib -L/usr/lib64 -L/usr/lib -L/usr/lib/x86_64-linux-gnu /tmp/ifort3K3IbF.o -Bstatic -lifport -lifcore -limf -lsvml -Bdynamic -lm -Bstatic -lipgo -lirc -u __pthread_once -Bdynamic -lpthread -lc -lgcc_s -lgcc -Bstatic -lirc_s -Bdynamic -ldl -lc /usr/lib/gcc/x86_64-linux-gnu/4.4.3/crtend.o /usr/lib/gcc/x86_64-linux-gnu/4.4.3/../../../../lib64/crtn.o
rm /tmp/ifortPJUcFMlibgcc

rm /tmp/iforttAZlVIgnudirs

rm /tmp/ifortLL36rBgas

rm /tmp/ifortnKCSIxas_.s

rm /tmp/ifortkRDEZtldashv

rm /tmp/ifortts8Mgqarg

rm /tmp/ifortWbH3Amgnudirs

rm /tmp/ifort3K3IbF.o
configure:5575: result: -v
configure:5577: checking for Fortran 77 libraries of ifort
configure:5600: ifort -o conftest -g -v conftest.f
Version 12.0.2
/home/fislab/fspiga/intel/composerxe-2011.2.137/bin/intel64/fortcom    -D__INTEL_COMPILER=1200 -D_MT -D__SSE2__ -D__SSE__ -D__ELF__ -D__INTEL_COMPILER_BUILD_DATE=20110112 -D__unix__ -D__unix -D__linux__ -D__linux -D__gnu_linux__ -Dunix -Dlinux -D__x86_64 -D__x86_64__ -mGLOB_pack_sort_init_list -I. -I/home/fislab/fspiga/local/openmpi-intel/include -I/home/fislab/fspiga/intel/composerxe-2011.2.137/mkl/include -I/home/fislab/fspiga/intel/composerxe-2011.2.137/mkl/include -I/home/fislab/fspiga/intel/composerxe-2011.2.137/mkl/include -I/home/fislab/fspiga/intel/composerxe-2011.2.137/compiler/include/intel64 -I/home/fislab/fspiga/intel/composerxe-2011.2.137/compiler/include -I/usr/local/include -I/usr/include -I/usr/lib/gcc/x86_64-linux-gnu/4.4.3/include "-fp_modbits honor_f32_conversion" "-fp_modbits honor_f64_conversion" -O0 -g2 -simd -mP1OPT_version=12.0-intel64 -mGLOB_diag_file=/tmp/iforttcSXIK.diag -mGLOB_source_language=GLOB_SOURCE_LANGUAGE_F90 -mGLOB_tune_for_fort -mGLOB_use_fort_dope_vector -mP2OPT_static_promotion -mP1OPT_print_version=FALSE -mCG_use_gas_got_workaround=F -mP2OPT_align_option_used=TRUE -mGLOB_gcc_version=443 "-mGLOB_options_string=-o conftest -g -v" -mGLOB_cxx_limited_range=FALSE -mP3OPT_emit_line_numbers -mP2OPT_suppress_unreferenced_locals=FALSE -mGLOB_debug_target=GLOB_DEBUG_TARGET_ALL -mGLOB_debug_format=GLOB_DEBUG_FORMAT_DWARF20 -mGLOB_as_output_backup_file_name=/tmp/ifortUp6nJDas_.s -mIPOPT_activate -mGLOB_machine_model=GLOB_MACHINE_MODEL_EFI2 -mGLOB_product_id_code=0x22001de7 -mGLOB_maintain_errno -mGLOB_noinline_intrinsics -mGLOB_use_base_pointer -mGLOB_extended_instructions=0x8 -mP3OPT_use_mspp_call_convention -mP2OPT_subs_out_of_bound=FALSE -mGLOB_ansi_alias -mIPOPT_ninl_limit=0 -mIPOPT_ninl_user_level=0 -mPGOPTI_value_profile_use=T -mP2OPT_gen_linux_const_pooling=FALSE -mP2OPT_il0_array_sections=TRUE -mGLOB_opt_level=0 -mIPOPT_args_in_regs=0 -mIPOPT_obj_output_file_name=/tmp/iforttcSXIK.o -mGLOB_linker_version=2.20.1-system.20100303 -mGLOB_long_size_64 -mGLOB_routine_pointer_size_64 -mP3OPT_asm_target=P3OPT_ASM_TARGET_GAS -mGLOB_obj_output_file=/tmp/iforttcSXIK.o -mGLOB_source_dialect=GLOB_SOURCE_DIALECT_FORTRAN -mP1OPT_source_file_name=conftest.f -mP2OPT_symtab_type_copy=true conftest.f
ld    /usr/lib/gcc/x86_64-linux-gnu/4.4.3/../../../../lib64/crt1.o /usr/lib/gcc/x86_64-linux-gnu/4.4.3/../../../../lib64/crti.o /usr/lib/gcc/x86_64-linux-gnu/4.4.3/crtbegin.o --eh-frame-hdr -dynamic-linker /lib64/ld-linux-x86-64.so.2 -o conftest /home/fislab/fspiga/intel/composerxe-2011.2.137/compiler/lib/intel64/for_main.o -L/home/fislab/fspiga/intel/composerxe-2011.2.137/compiler/lib/intel64 -L/home/fislab/fspiga/intel/composerxe-2011.2.137/mkl/lib/intel64 -L/home/fislab/fspiga/intel/composerxe-2011.2.137/compiler/lib/intel64 -L/home/fislab/fspiga/intel/composerxe-2011.2.137/ipp/../compiler/lib/intel64 -L/home/fislab/fspiga/intel/composerxe-2011.2.137/ipp/lib/intel64 -L/home/fislab/fspiga/intel/composerxe-2011.2.137/compiler/lib/intel64 -L/home/fislab/fspiga/intel/composerxe-2011.2.137/mkl/lib/intel64 -L/home/fislab/fspiga/intel/composerxe-2011.2.137/tbb/lib/intel64//cc4.1.0_libc2.4_kernel2.6.16.21 -L/home/fislab/fspiga/intel/composerxe-2011.2.137/compiler/lib/intel64 -L/home/fislab/fspiga/intel/composerxe-2011.2.137/ipp/../compiler/lib/intel64 -L/home/fislab/fspiga/intel/composerxe-2011.2.137/ipp/lib/intel64 -L/home/fislab/fspiga/intel/composerxe-2011.2.137/compiler/lib/intel64 -L/home/fislab/fspiga/intel/composerxe-2011.2.137/mkl/lib/intel64 -L/home/fislab/fspiga/intel/composerxe-2011.2.137/tbb/lib/intel64//cc4.1.0_libc2.4_kernel2.6.16.21 -L/home/fislab/fspiga/intel/composerxe-2011.2.137/compiler/lib/intel64 -L/usr/lib/gcc/x86_64-linux-gnu/4.4.3 -L/usr/lib/gcc/x86_64-linux-gnu/4.4.3/../../../../lib64 -L/usr/lib/gcc/x86_64-linux-gnu/4.4.3/../../../../lib -L/lib/../lib64 -L/lib/../lib -L/usr/lib/../lib64 -L/usr/lib/../lib -L/home/fislab/fspiga/intel/composerxe-2011.2.137/compiler/lib/intel64 -L/home/fislab/fspiga/intel/composerxe-2011.2.137/mkl/lib/intel64 -L/home/fislab/fspiga/intel/composerxe-2011.2.137/ipp/../compiler/lib/intel64 -L/home/fislab/fspiga/intel/composerxe-2011.2.137/ipp/lib/intel64 -L/home/fislab/fspiga/intel/composerxe-2011.2.137/tbb/lib/intel64//cc4.1.0_libc2.4_kernel2.6.16.21 -L/usr/lib/gcc/x86_64-linux-gnu/4.4.3/../../.. -L/lib64 -L/lib -L/usr/lib64 -L/usr/lib -L/usr/lib/x86_64-linux-gnu /tmp/iforttcSXIK.o -Bstatic -lifport -lifcore -limf -lsvml -Bdynamic -lm -Bstatic -lipgo -lirc -u __pthread_once -Bdynamic -lpthread -lc -lgcc_s -lgcc -Bstatic -lirc_s -Bdynamic -ldl -lc /usr/lib/gcc/x86_64-linux-gnu/4.4.3/crtend.o /usr/lib/gcc/x86_64-linux-gnu/4.4.3/../../../../lib64/crtn.o
rm /tmp/ifortr8wnJRlibgcc

rm /tmp/ifortoS2ZdOgnudirs

rm /tmp/ifortdZIWdHgas

rm /tmp/ifortUp6nJDas_.s

rm /tmp/iforteFcQeAldashv

rm /tmp/ifortxqGJKwarg

rm /tmp/ifortrg9pktgnudirs

rm /tmp/iforttcSXIK.o
configure:5774: result:  -L/home/fislab/fspiga/intel/composerxe-2011.2.137/compiler/lib/intel64 -L/home/fislab/fspiga/intel/composerxe-2011.2.137/mkl/lib/intel64 -L/home/fislab/fspiga/intel/composerxe-2011.2.137/ipp/../compiler/lib/intel64 -L/home/fislab/fspiga/intel/composerxe-2011.2.137/ipp/lib/intel64 -L/home/fislab/fspiga/intel/composerxe-2011.2.137/tbb/lib/intel64//cc4.1.0_libc2.4_kernel2.6.16.21 -L/usr/lib/gcc/x86_64-linux-gnu/4.4.3 -L/usr/lib/gcc/x86_64-linux-gnu/4.4.3/../../../../lib64 -L/usr/lib/gcc/x86_64-linux-gnu/4.4.3/../../../../lib -L/lib/../lib64 -L/lib/../lib -L/usr/lib/../lib64 -L/usr/lib/../lib -L/usr/lib/gcc/x86_64-linux-gnu/4.4.3/../../.. -L/lib64 -L/lib -L/usr/lib64 -L/usr/lib -L/usr/lib/x86_64-linux-gnu -lifport -lifcore -limf -lsvml -lm -lipgo -lirc -lpthread -lirc_s -ldl
configure:5790: checking for dummy main to link with Fortran 77 libraries
configure:5824: icc -o conftest -g -O2   conftest.c   -L/home/fislab/fspiga/intel/composerxe-2011.2.137/compiler/lib/intel64 -L/home/fislab/fspiga/intel/composerxe-2011.2.137/mkl/lib/intel64 -L/home/fislab/fspiga/intel/composerxe-2011.2.137/ipp/../compiler/lib/intel64 -L/home/fislab/fspiga/intel/composerxe-2011.2.137/ipp/lib/intel64 -L/home/fislab/fspiga/intel/composerxe-2011.2.137/tbb/lib/intel64//cc4.1.0_libc2.4_kernel2.6.16.21 -L/usr/lib/gcc/x86_64-linux-gnu/4.4.3 -L/usr/lib/gcc/x86_64-linux-gnu/4.4.3/../../../../lib64 -L/usr/lib/gcc/x86_64-linux-gnu/4.4.3/../../../../lib -L/lib/../lib64 -L/lib/../lib -L/usr/lib/../lib64 -L/usr/lib/../lib -L/usr/lib/gcc/x86_64-linux-gnu/4.4.3/../../.. -L/lib64 -L/lib -L/usr/lib64 -L/usr/lib -L/usr/lib/x86_64-linux-gnu -lifport -lifcore -limf -lsvml -lm -lipgo -lirc -lpthread -lirc_s -ldl >&5
configure:5824: $? = 0
configure:5869: result: none
configure:5902: checking for Fortran 77 name-mangling scheme
configure:5915: ifort -c -g conftest.f >&5
configure:5915: $? = 0
configure:5956: icc -o conftest -g -O2   conftest.c cfortran_test.o   -L/home/fislab/fspiga/intel/composerxe-2011.2.137/compiler/lib/intel64 -L/home/fislab/fspiga/intel/composerxe-2011.2.137/mkl/lib/intel64 -L/home/fislab/fspiga/intel/composerxe-2011.2.137/ipp/../compiler/lib/intel64 -L/home/fislab/fspiga/intel/composerxe-2011.2.137/ipp/lib/intel64 -L/home/fislab/fspiga/intel/composerxe-2011.2.137/tbb/lib/intel64//cc4.1.0_libc2.4_kernel2.6.16.21 -L/usr/lib/gcc/x86_64-linux-gnu/4.4.3 -L/usr/lib/gcc/x86_64-linux-gnu/4.4.3/../../../../lib64 -L/usr/lib/gcc/x86_64-linux-gnu/4.4.3/../../../../lib -L/lib/../lib64 -L/lib/../lib -L/usr/lib/../lib64 -L/usr/lib/../lib -L/usr/lib/gcc/x86_64-linux-gnu/4.4.3/../../.. -L/lib64 -L/lib -L/usr/lib64 -L/usr/lib -L/usr/lib/x86_64-linux-gnu -lifport -lifcore -limf -lsvml -lm -lipgo -lirc -lpthread -lirc_s -ldl >&5
/tmp/iccsAzXU1.o: In function `main':
/home/fislab/fspiga/QE/espresso/GPU/conftest.c:40: undefined reference to `foobar'
configure:5956: $? = 1
configure: failed program was:
| /* confdefs.h */
| #define PACKAGE_NAME "ESPRESSO"
| #define PACKAGE_TARNAME "espresso"
| #define PACKAGE_VERSION "5.0.0"
| #define PACKAGE_STRING "ESPRESSO 5.0.0"
| #define PACKAGE_BUGREPORT ""
| #define PACKAGE_URL ""
| #define STDC_HEADERS 1
| #define HAVE_SYS_TYPES_H 1
| #define HAVE_SYS_STAT_H 1
| #define HAVE_STDLIB_H 1
| #define HAVE_STRING_H 1
| #define HAVE_MEMORY_H 1
| #define HAVE_STRINGS_H 1
| #define HAVE_INTTYPES_H 1
| #define HAVE_STDINT_H 1
| #define HAVE_UNISTD_H 1
| #define SIZEOF_INT_P 8
| #define HAVE_MALLINFO 1
| /* end confdefs.h.  */
| 
| /* Override any GCC internal prototype to avoid an error.
|    Use char because int might match the return type of a GCC
|    builtin and then its argument prototype would still apply.  */
| #ifdef __cplusplus
| extern "C"
| #endif
| char foobar ();
| #ifdef F77_DUMMY_MAIN
| 
| #  ifdef __cplusplus
|      extern "C"
| #  endif
|    int F77_DUMMY_MAIN() { return 1; }
| 
| #endif
| int
| main ()
| {
| return foobar ();
|   ;
|   return 0;
| }
configure:5956: icc -o conftest -g -O2   conftest.c cfortran_test.o   -L/home/fislab/fspiga/intel/composerxe-2011.2.137/compiler/lib/intel64 -L/home/fislab/fspiga/intel/composerxe-2011.2.137/mkl/lib/intel64 -L/home/fislab/fspiga/intel/composerxe-2011.2.137/ipp/../compiler/lib/intel64 -L/home/fislab/fspiga/intel/composerxe-2011.2.137/ipp/lib/intel64 -L/home/fislab/fspiga/intel/composerxe-2011.2.137/tbb/lib/intel64//cc4.1.0_libc2.4_kernel2.6.16.21 -L/usr/lib/gcc/x86_64-linux-gnu/4.4.3 -L/usr/lib/gcc/x86_64-linux-gnu/4.4.3/../../../../lib64 -L/usr/lib/gcc/x86_64-linux-gnu/4.4.3/../../../../lib -L/lib/../lib64 -L/lib/../lib -L/usr/lib/../lib64 -L/usr/lib/../lib -L/usr/lib/gcc/x86_64-linux-gnu/4.4.3/../../.. -L/lib64 -L/lib -L/usr/lib64 -L/usr/lib -L/usr/lib/x86_64-linux-gnu -lifport -lifcore -limf -lsvml -lm -lipgo -lirc -lpthread -lirc_s -ldl >&5
configure:5956: $? = 0
configure:6014: icc -o conftest -g -O2   conftest.c cfortran_test.o   -L/home/fislab/fspiga/intel/composerxe-2011.2.137/compiler/lib/intel64 -L/home/fislab/fspiga/intel/composerxe-2011.2.137/mkl/lib/intel64 -L/home/fislab/fspiga/intel/composerxe-2011.2.137/ipp/../compiler/lib/intel64 -L/home/fislab/fspiga/intel/composerxe-2011.2.137/ipp/lib/intel64 -L/home/fislab/fspiga/intel/composerxe-2011.2.137/tbb/lib/intel64//cc4.1.0_libc2.4_kernel2.6.16.21 -L/usr/lib/gcc/x86_64-linux-gnu/4.4.3 -L/usr/lib/gcc/x86_64-linux-gnu/4.4.3/../../../../lib64 -L/usr/lib/gcc/x86_64-linux-gnu/4.4.3/../../../../lib -L/lib/../lib64 -L/lib/../lib -L/usr/lib/../lib64 -L/usr/lib/../lib -L/usr/lib/gcc/x86_64-linux-gnu/4.4.3/../../.. -L/lib64 -L/lib -L/usr/lib64 -L/usr/lib -L/usr/lib/x86_64-linux-gnu -lifport -lifcore -limf -lsvml -lm -lipgo -lirc -lpthread -lirc_s -ldl >&5
configure:6014: $? = 0
configure:6056: result: lower case, underscore, no extra underscore
configure:6549: checking for library containing dgemm
configure:6567: ifort -o conftest -O2 -assume byterecl -g -traceback -par-report0 -vec-report0 -openmp  -nomodule -openmp -static-intel -openmp   conftest.f  >&5
/tmp/ifortCgTIIc.o: In function `main':
/home/fislab/fspiga/QE/espresso/GPU/conftest.f:2: undefined reference to `dgemm_'
configure:6567: $? = 1
configure: failed program was:
|       program main
|       call dgemm
|       end
configure:6567: ifort -o conftest -O2 -assume byterecl -g -traceback -par-report0 -vec-report0 -openmp  -nomodule -openmp -static-intel -openmp   conftest.f -lmkl_intel_lp64 -lmkl_intel_thread -lmkl_core  >&5
configure:6567: $? = 0
configure:6584: result: -lmkl_intel_lp64
configure:6629: checking for none/libacml_mp.a
configure:6643: result: no
configure:7474: checking for library containing dspev
configure:7492: ifort -o conftest -O2 -assume byterecl -g -traceback -par-report0 -vec-report0 -openmp  -nomodule -openmp -static-intel -openmp conftest.f    -lmkl_intel_lp64  -lmkl_intel_thread -lmkl_core >&5
configure:7492: $? = 0
configure:7509: result: none required
configure:8483: checking for library containing mpi_init
configure:8501: mpif90 -o conftest -O2 -assume byterecl -g -traceback -par-report0 -vec-report0 -openmp  -nomodule -openmp -openmp conftest.f  >&5
configure:8501: $? = 0
configure:8518: result: none required
configure:9163: checking for library containing mpi_init
configure:9198: result: none required
configure:9212: checking for library containing pdgemr2d
configure:9230: mpif90 -o conftest -O2 -assume byterecl -g -traceback -par-report0 -vec-report0 -openmp  -nomodule -openmp -openmp conftest.f  >&5
/tmp/ifortY76yoL.o: In function `main':
/home/fislab/fspiga/QE/espresso/GPU/conftest.f:2: undefined reference to `pdgemr2d_'
configure:9230: $? = 1
configure: failed program was:
|       program main
|       call pdgemr2d
|       end
configure:9230: mpif90 -o conftest -O2 -assume byterecl -g -traceback -par-report0 -vec-report0 -openmp  -nomodule -openmp -openmp conftest.f  >&5
/tmp/ifort0y1AFT.o: In function `main':
/home/fislab/fspiga/QE/espresso/GPU/conftest.f:2: undefined reference to `pdgemr2d_'
configure:9230: $? = 1
configure: failed program was:
|       program main
|       call pdgemr2d
|       end
configure:9247: result: no
configure:9278: checking for library containing pdgemr2d
configure:9296: mpif90 -o conftest -O2 -assume byterecl -g -traceback -par-report0 -vec-report0 -openmp  -nomodule -openmp -openmp conftest.f -lmkl_blacs_lp64    -lmkl_intel_lp64  -lmkl_intel_thread -lmkl_core >&5
/tmp/ifortm5XO00.o: In function `main':
/home/fislab/fspiga/QE/espresso/GPU/conftest.f:2: undefined reference to `pdgemr2d_'
configure:9296: $? = 1
configure: failed program was:
|       program main
|       call pdgemr2d
|       end
configure:9296: mpif90 -o conftest -O2 -assume byterecl -g -traceback -par-report0 -vec-report0 -openmp  -nomodule -openmp -openmp conftest.f -lmkl_scalapack_lp64  -lmkl_blacs_lp64    -lmkl_intel_lp64  -lmkl_intel_thread -lmkl_core >&5
configure:9296: $? = 0
configure:9313: result: -lmkl_scalapack_lp64
configure:9517: checking for ranlib
configure:9533: found /usr/bin/ranlib
configure:9545: result: ranlib
configure:9566: checking for wget
configure:9582: found /usr/bin/wget
configure:9593: result: wget -O
configure:9862: creating ./config.status

## ---------------------- ##
## Running config.status. ##
## ---------------------- ##

This file was extended by ESPRESSO config.status 5.0.0, which was
generated by GNU Autoconf 2.65.  Invocation command line was

  CONFIG_FILES    = 
  CONFIG_HEADERS  = 
  CONFIG_LINKS    = 
  CONFIG_COMMANDS = 
  $ ./config.status 

on tesla

config.status:894: creating ../include/fft_defs.h
config.status:894: creating install/make.sys
config.status:894: creating configure.msg
config.status:894: creating install/make_wannier90.sys
config.status:894: creating install/make_blas.inc
config.status:894: creating install/make_lapack.inc
config.status:894: creating install/make_phiGEMM.inc
config.status:894: creating install/make_magma.inc
config.status:894: creating ../include/c_defs.h
config.status:1048: ../include/c_defs.h is unchanged
configure:11017: WARNING: unrecognized options: --enable-scalapack

## ---------------- ##
## Cache variables. ##
## ---------------- ##

ac_cv_build=x86_64-unknown-linux-gnu
ac_cv_c_compiler_gnu=yes
ac_cv_env_CC_set=
ac_cv_env_CC_value=
ac_cv_env_CFLAGS_set=
ac_cv_env_CFLAGS_value=
ac_cv_env_CPPFLAGS_set=
ac_cv_env_CPPFLAGS_value=
ac_cv_env_CPP_set=
ac_cv_env_CPP_value=
ac_cv_env_EXTLIB_FLAGS_set=
ac_cv_env_EXTLIB_FLAGS_value=
ac_cv_env_F77_set=
ac_cv_env_F77_value=
ac_cv_env_FCFLAGS_set=
ac_cv_env_FCFLAGS_value=
ac_cv_env_FC_set=
ac_cv_env_FC_value=
ac_cv_env_FFLAGS_set=
ac_cv_env_FFLAGS_value=
ac_cv_env_LDFLAGS_set=
ac_cv_env_LDFLAGS_value=
ac_cv_env_LIBS_set=
ac_cv_env_LIBS_value=
ac_cv_env_NVCC_set=
ac_cv_env_NVCC_value=
ac_cv_env_build_alias_set=
ac_cv_env_build_alias_value=
ac_cv_env_host_alias_set=
ac_cv_env_host_alias_value=
ac_cv_env_target_alias_set=
ac_cv_env_target_alias_value=
ac_cv_f77_compiler_gnu=no
ac_cv_f77_dummy_main=none
ac_cv_f77_libs=' -L/home/fislab/fspiga/intel/composerxe-2011.2.137/compiler/lib/intel64 -L/home/fislab/fspiga/intel/composerxe-2011.2.137/mkl/lib/intel64 -L/home/fislab/fspiga/intel/composerxe-2011.2.137/ipp/../compiler/lib/intel64 -L/home/fislab/fspiga/intel/composerxe-2011.2.137/ipp/lib/intel64 -L/home/fislab/fspiga/intel/composerxe-2011.2.137/tbb/lib/intel64//cc4.1.0_libc2.4_kernel2.6.16.21 -L/usr/lib/gcc/x86_64-linux-gnu/4.4.3 -L/usr/lib/gcc/x86_64-linux-gnu/4.4.3/../../../../lib64 -L/usr/lib/gcc/x86_64-linux-gnu/4.4.3/../../../../lib -L/lib/../lib64 -L/lib/../lib -L/usr/lib/../lib64 -L/usr/lib/../lib -L/usr/lib/gcc/x86_64-linux-gnu/4.4.3/../../.. -L/lib64 -L/lib -L/usr/lib64 -L/usr/lib -L/usr/lib/x86_64-linux-gnu -lifport -lifcore -limf -lsvml -lm -lipgo -lirc -lpthread -lirc_s -ldl'
ac_cv_f77_mangling='lower case, underscore, no extra underscore'
ac_cv_fc_compiler_gnu=no
ac_cv_fc_srcext_f90=none
ac_cv_file_none_libacml_mp_a=no
ac_cv_fortran_dummy_main=none
ac_cv_header_inttypes_h=yes
ac_cv_header_malloc_h=yes
ac_cv_header_memory_h=yes
ac_cv_header_stdc=yes
ac_cv_header_stdint_h=yes
ac_cv_header_stdlib_h=yes
ac_cv_header_string_h=yes
ac_cv_header_strings_h=yes
ac_cv_header_sys_stat_h=yes
ac_cv_header_sys_types_h=yes
ac_cv_header_unistd_h=yes
ac_cv_member_struct_mallinfo_arena=yes
ac_cv_objext=o
ac_cv_path_EGREP='/bin/grep -E'
ac_cv_path_GREP=/bin/grep
ac_cv_prog_CPP='icc -E'
ac_cv_prog_ac_ct_CC=icc
ac_cv_prog_ac_ct_F77=ifort
ac_cv_prog_ac_ct_FC=mpif90
ac_cv_prog_cc_c89=
ac_cv_prog_cc_g=yes
ac_cv_prog_f77_g=yes
ac_cv_prog_f77_v=-v
ac_cv_prog_fc_g=yes
ac_cv_prog_make_make_set=yes
ac_cv_prog_ranlib=ranlib
ac_cv_prog_wget='wget -O'
ac_cv_search_dgemm=-lmkl_intel_lp64
ac_cv_search_dspev='none required'
ac_cv_search_mpi_init='none required'
ac_cv_search_pdgemr2d=-lmkl_scalapack_lp64
ac_cv_sizeof_int_p=8

## ----------------- ##
## Output variables. ##
## ----------------- ##

CC='icc'
CFLAGS='-g -O2'
CPP='icc -E'
CPPFLAGS=''
Configured for compilation of parallel executables.'
DEFS='-DHAVE_CONFIG_H'
ECHO_C=''
ECHO_N='-n'
ECHO_T=''
EGREP='/bin/grep -E'
EXEEXT=''
EXTLIB_FLAGS=''
F77='mpif90'
FC='mpif90'
FCFLAGS='-g'
FCFLAGS_f90=''
FFLAGS='-O2 -assume byterecl -g -traceback -par-report0 -vec-report0 -openmp  -nomodule -openmp'
FLIBS=' -L/home/fislab/fspiga/intel/composerxe-2011.2.137/compiler/lib/intel64 -L/home/fislab/fspiga/intel/composerxe-2011.2.137/mkl/lib/intel64 -L/home/fislab/fspiga/intel/composerxe-2011.2.137/ipp/../compiler/lib/intel64 -L/home/fislab/fspiga/intel/composerxe-2011.2.137/ipp/lib/intel64 -L/home/fislab/fspiga/intel/composerxe-2011.2.137/tbb/lib/intel64//cc4.1.0_libc2.4_kernel2.6.16.21 -L/usr/lib/gcc/x86_64-linux-gnu/4.4.3 -L/usr/lib/gcc/x86_64-linux-gnu/4.4.3/../../../../lib64 -L/usr/lib/gcc/x86_64-linux-gnu/4.4.3/../../../../lib -L/lib/../lib64 -L/lib/../lib -L/usr/lib/../lib64 -L/usr/lib/../lib -L/usr/lib/gcc/x86_64-linux-gnu/4.4.3/../../.. -L/lib64 -L/lib -L/usr/lib64 -L/usr/lib -L/usr/lib/x86_64-linux-gnu -lifport -lifcore -limf -lsvml -lm -lipgo -lirc -lpthread -lirc_s -ldl'
GNUCC=''
GNUFC=''
GREP='/bin/grep'
LDFLAGS='-openmp'
LIBOBJS=''
LIBS='-lmkl_scalapack_lp64 -lmkl_blacs_lp64    -lmkl_intel_lp64  -lmkl_intel_thread -lmkl_core'
LTLIBOBJS=''
NVCC=''
OBJEXT='o'
PACKAGE_BUGREPORT=''
PACKAGE_NAME='ESPRESSO'
PACKAGE_STRING='ESPRESSO 5.0.0'
PACKAGE_TARNAME='espresso'
PACKAGE_URL=''
PACKAGE_VERSION='5.0.0'
PATH_SEPARATOR=':'
SET_MAKE=''
SHELL='/bin/bash'
SIZEOF_INT_P='8'
ac_ct_CC='icc'
ac_ct_F77='ifort'
ac_ct_FC='mpif90'
ar='ar'
arflags='ruv'
bindir='${exec_prefix}/bin'
blas_libs='  -lmkl_intel_lp64  -lmkl_intel_thread -lmkl_core'
blas_libs_switch='external'
blas_line='BLAS_LIBS=  -lmkl_intel_lp64  -lmkl_intel_thread -lmkl_core'
build='x86_64-unknown-linux-gnu'
build_alias=''
build_cpu='x86_64'
build_os='linux-gnu'
build_vendor='unknown'
cc='icc'
cflags='-O3'
cpp='cpp'
cppflags='-P -traditional'
cuda_include=''
cuda_libs=''
cuda_path='/usr/local/cuda/'
datadir='${datarootdir}'
datarootdir='${prefix}/share'
dflags=' -D__INTEL -D__FFTW -D__CUDA_QE_TIMING -D__MPI -D__PARA -D__SCALAPACK -D__OPENMP'
docdir='${datarootdir}/doc/${PACKAGE_TARNAME}'
dvidir='${docdir}'
exec_prefix='${prefix}'
extlib_flags=''
f77='ifort'
f90='ifort'
f90flags='$(FFLAGS) -nomodule -openmp'
f90rule='$(MPIF90) $(F90FLAGS) -c $<'
fdflags='$(DFLAGS)'
fflags='-O2 -assume byterecl -g -traceback -par-report0 -vec-report0 -openmp'
fflags_nomain='-nofor_main'
fflags_noopt='-O0 -assume byterecl -g -traceback'
fft_libs=''
fft_line='FFT_LIBS='
host_alias=''
htmldir='${docdir}'
iflags='-I../include'
imod='-I'
includedir='${prefix}/include'
infodir='${datarootdir}/info'
lapack_libs=''
lapack_libs_switch='external'
lapack_line='LAPACK_LIBS='
ld='mpif90'
ld_libs=''
ldflags='-static-intel  -openmp'
libdir='${exec_prefix}/lib'
libexecdir='${exec_prefix}/libexec'
localedir='${datarootdir}/locale'
localstatedir='${prefix}/var'
magma_gpu_target=''
magma_switch=''
mandir='${datarootdir}/man'
mass_libs=''
mass_line='@delete@'
mpi_libs=''
mpi_line='@delete@'
mpif90='mpif90'
nvcc=''
nvccflags=''
oldincludedir='/usr/include'
parallel_report='Parallel environment detected successfully.\
pdfdir='${docdir}'
phigemm_cc=''
phigemm_ccflags=''
phigemm_fc=''
phigemm_include=''
phigemm_ldflags=''
phigemm_ldsharedflag=''
phigemm_libs=''
phigemm_opts=''
phigemm_switch=''
pre_fdflags='-fpp '
prefix='/usr/local'
program_transform_name='s,x,x,'
psdir='${docdir}'
ranlib='ranlib'
sbindir='${exec_prefix}/sbin'
scalapack_libs='-lmkl_scalapack_lp64 -lmkl_blacs_openmpi_lp64'
scalapack_line='SCALAPACK_LIBS=-lmkl_scalapack_lp64 -lmkl_blacs_openmpi_lp64'
sharedstatedir='${prefix}/com'
sysconfdir='${prefix}/etc'
target_alias=''
topdir='/home/fislab/fspiga/QE/espresso/GPU'
wget='wget -O'

## ----------- ##
## confdefs.h. ##
## ----------- ##

/* confdefs.h */
#define PACKAGE_NAME "ESPRESSO"
#define PACKAGE_TARNAME "espresso"
#define PACKAGE_VERSION "5.0.0"
#define PACKAGE_STRING "ESPRESSO 5.0.0"
#define PACKAGE_BUGREPORT ""
#define PACKAGE_URL ""
#define STDC_HEADERS 1
#define HAVE_SYS_TYPES_H 1
#define HAVE_SYS_STAT_H 1
#define HAVE_STDLIB_H 1
#define HAVE_STRING_H 1
#define HAVE_MEMORY_H 1
#define HAVE_STRINGS_H 1
#define HAVE_INTTYPES_H 1
#define HAVE_STDINT_H 1
#define HAVE_UNISTD_H 1
#define SIZEOF_INT_P 8
#define HAVE_MALLINFO 1
#define F77_FUNC(name,NAME) name ## _
#define F77_FUNC_(name,NAME) name ## _

configure: exit 0
